  main-opencv.cpp
c:\users\media\desktop\vicenç\master\tfm aachen\tfm\vibe\vibe\vibe\vibe-background-sequential.h(53): warning C4005: 'COLOR_BACKGROUND': redefinición de macro
  c:\program files (x86)\windows kits\10\include\10.0.17763.0\um\winuser.h(9350): note: vea la definición anterior de 'COLOR_BACKGROUND'
main-opencv.obj : error LNK2019: símbolo externo "void __cdecl cv::error(class cv::Exception const &)" (?error@cv@@YAXAEBVException@1@@Z) sin resolver al que se hace referencia en la función "public: void __cdecl cv::Mat::create(int,int,int)" (?create@Mat@cv@@QEAAXHHH@Z)
main-opencv.obj : error LNK2019: símbolo externo "void * __cdecl cv::fastMalloc(unsigned __int64)" (?fastMalloc@cv@@YAPEAX_K@Z) sin resolver al que se hace referencia en la función "public: void __cdecl cv::Mat::create(int,int,int)" (?create@Mat@cv@@QEAAXHHH@Z)
main-opencv.obj : error LNK2019: símbolo externo "void __cdecl cv::fastFree(void *)" (?fastFree@cv@@YAXPEAX@Z) sin resolver al que se hace referencia en la función "public: void __cdecl cv::Mat::release(void)" (?release@Mat@cv@@QEAAXXZ)
main-opencv.obj : error LNK2019: símbolo externo "void __cdecl cv::medianBlur(class cv::Mat const &,class cv::Mat &,int)" (?medianBlur@cv@@YAXAEBVMat@1@AEAV21@H@Z) sin resolver al que se hace referencia en la función "void __cdecl processVideo(char *)" (?processVideo@@YAXPEAD@Z)
main-opencv.obj : error LNK2019: símbolo externo cvDestroyAllWindows sin resolver al que se hace referencia en la función main
main-opencv.obj : error LNK2019: símbolo externo "void __cdecl cv::namedWindow(class std::basic_string<char,struct std::char_traits<char>,class std::allocator<char> > const &,int)" (?namedWindow@cv@@YAXAEBV?$basic_string@DU?$char_traits@D@std@@V?$allocator@D@2@@std@@H@Z) sin resolver al que se hace referencia en la función main
main-opencv.obj : error LNK2019: símbolo externo "void __cdecl cv::imshow(class std::basic_string<char,struct std::char_traits<char>,class std::allocator<char> > const &,class cv::Mat const &)" (?imshow@cv@@YAXAEBV?$basic_string@DU?$char_traits@D@std@@V?$allocator@D@2@@std@@AEBVMat@1@@Z) sin resolver al que se hace referencia en la función "void __cdecl processVideo(char *)" (?processVideo@@YAXPEAD@Z)
main-opencv.obj : error LNK2019: símbolo externo "int __cdecl cv::waitKey(int)" (?waitKey@cv@@YAHH@Z) sin resolver al que se hace referencia en la función "void __cdecl processVideo(char *)" (?processVideo@@YAXPEAD@Z)
main-opencv.obj : error LNK2019: símbolo externo "public: __cdecl cv::VideoCapture::VideoCapture(class std::basic_string<char,struct std::char_traits<char>,class std::allocator<char> > const &)" (??0VideoCapture@cv@@QEAA@AEBV?$basic_string@DU?$char_traits@D@std@@V?$allocator@D@2@@std@@@Z) sin resolver al que se hace referencia en la función "void __cdecl processVideo(char *)" (?processVideo@@YAXPEAD@Z)
main-opencv.obj : error LNK2019: símbolo externo "public: virtual __cdecl cv::VideoCapture::~VideoCapture(void)" (??1VideoCapture@cv@@UEAA@XZ) sin resolver al que se hace referencia en la función "void __cdecl processVideo(char *)" (?processVideo@@YAXPEAD@Z)
main-opencv.obj : error LNK2019: símbolo externo "public: virtual bool __cdecl cv::VideoCapture::isOpened(void)const " (?isOpened@VideoCapture@cv@@UEBA_NXZ) sin resolver al que se hace referencia en la función "void __cdecl processVideo(char *)" (?processVideo@@YAXPEAD@Z)
main-opencv.obj : error LNK2019: símbolo externo "public: virtual void __cdecl cv::VideoCapture::release(void)" (?release@VideoCapture@cv@@UEAAXXZ) sin resolver al que se hace referencia en la función "void __cdecl processVideo(char *)" (?processVideo@@YAXPEAD@Z)
main-opencv.obj : error LNK2019: símbolo externo libvibeModel_Sequential_New sin resolver al que se hace referencia en la función "void __cdecl processVideo(char *)" (?processVideo@@YAXPEAD@Z)
main-opencv.obj : error LNK2019: símbolo externo libvibeModel_Sequential_Free sin resolver al que se hace referencia en la función "void __cdecl processVideo(char *)" (?processVideo@@YAXPEAD@Z)
main-opencv.obj : error LNK2019: símbolo externo libvibeModel_Sequential_AllocInit_8u_C3R sin resolver al que se hace referencia en la función "void __cdecl processVideo(char *)" (?processVideo@@YAXPEAD@Z)
main-opencv.obj : error LNK2019: símbolo externo libvibeModel_Sequential_Segmentation_8u_C3R sin resolver al que se hace referencia en la función "void __cdecl processVideo(char *)" (?processVideo@@YAXPEAD@Z)
main-opencv.obj : error LNK2019: símbolo externo libvibeModel_Sequential_Update_8u_C3R sin resolver al que se hace referencia en la función "void __cdecl processVideo(char *)" (?processVideo@@YAXPEAD@Z)
C:\Users\media\Desktop\Vicenç\Master\TFM Aachen\TFM\ViBe\ViBe\x64\Debug\ViBe.exe : fatal error LNK1120: 17 externos sin resolver
